Using CUDA_VISIBLE_DEVICES=0
[Taichi] Starting on arch=cuda
Writing losses to run-out-6\47
Random seed: 969769750
Loading robots [0, 100) into Taichi from run-out-6\47\child_robots.pkl...
n_robots: 100, max_objects: 34, max_springs: 70
Robot states loaded...
Initializing weights...
Optimizing 35 iterations for 1000 steps...
Traceback (most recent call last):
  File "C:\GitHub\ELDiR\sim.py", line 503, in <module>
    optimize()
  File "C:\GitHub\ELDiR\sim.py", line 433, in optimize
    manual_backward()
  File "C:\GitHub\ELDiR\sim.py", line 384, in manual_backward
    advance.grad(t)
  File "C:\Users\samfu\AppData\Local\Packages\PythonSoftwareFoundation.Python.3.11_qbz5n2kfra8p0\LocalCache\local-packages\Python311\site-packages\taichi\lang\kernel_impl.py", line 1043, in __call__
    key = self.ensure_compiled(*args)
          ^^^^^^^^^^^^^^^^^^^^^^^^^^^
  File "C:\Users\samfu\AppData\Local\Packages\PythonSoftwareFoundation.Python.3.11_qbz5n2kfra8p0\LocalCache\local-packages\Python311\site-packages\taichi\lang\kernel_impl.py", line 1011, in ensure_compiled
    self.materialize(key=key, args=args, arg_features=arg_features)
  File "C:\Users\samfu\AppData\Local\Packages\PythonSoftwareFoundation.Python.3.11_qbz5n2kfra8p0\LocalCache\local-packages\Python311\site-packages\taichi\lang\kernel_impl.py", line 637, in materialize
    self.runtime.materialize()
  File "C:\Users\samfu\AppData\Local\Packages\PythonSoftwareFoundation.Python.3.11_qbz5n2kfra8p0\LocalCache\local-packages\Python311\site-packages\taichi\lang\impl.py", line 471, in materialize
    self.materialize_root_fb(not self.materialized)
  File "C:\Users\samfu\AppData\Local\Packages\PythonSoftwareFoundation.Python.3.11_qbz5n2kfra8p0\LocalCache\local-packages\Python311\site-packages\taichi\lang\impl.py", line 394, in materialize_root_fb
    if not is_first_call and root.empty:
                             ^^^^^^^^^^
  File "C:\Users\samfu\AppData\Local\Packages\PythonSoftwareFoundation.Python.3.11_qbz5n2kfra8p0\LocalCache\local-packages\Python311\site-packages\taichi\lang\impl.py", line 625, in __getattr__
    def __getattr__(self, item):

KeyboardInterrupt
